<?xml version="1.0" encoding="UTF-8" ?>
<testsuite errors="0" failures="0" hostname="MacBook-Pro-38.local" name="tests.Tests" skipped="0" tests="3" time="0.029" timestamp="2023-06-08T19:45:38">
  <properties>
    <property name="ant.library.dir" value="/opt/homebrew/Cellar/ant/1.10.13/libexec/lib" />
    <property name="ant.file.type" value="file" />
    <property name="java.specification.version" value="20" />
    <property name="ant.project.name" value="main.Main" />
    <property name="sun.jnu.encoding" value="UTF-8" />
    <property name="java.class.path" value="/opt/homebrew/Cellar/ant/1.10.13/libexec/lib/ant-launcher.jar:/opt/homebrew/share/ant:/opt/homebrew/Cellar/ant/1.10.13/libexec/lib/ant-commons-net.jar:/opt/homebrew/Cellar/ant/1.10.13/libexec/lib/ant-xz.jar:/opt/homebrew/Cellar/ant/1.10.13/libexec/lib/ant-junit4.jar:/opt/homebrew/Cellar/ant/1.10.13/libexec/lib/bcel-6.7.0.jar:/opt/homebrew/Cellar/ant/1.10.13/libexec/lib/ant-jai.jar:/opt/homebrew/Cellar/ant/1.10.13/libexec/lib/ant-apache-resolver.jar:/opt/homebrew/Cellar/ant/1.10.13/libexec/lib/ant-jdepend.jar:/opt/homebrew/Cellar/ant/1.10.13/libexec/lib/ant-apache-regexp.jar:/opt/homebrew/Cellar/ant/1.10.13/libexec/lib/ant-apache-log4j.jar:/opt/homebrew/Cellar/ant/1.10.13/libexec/lib/ant-javamail.jar:/opt/homebrew/Cellar/ant/1.10.13/libexec/lib/ant-apache-bcel.jar:/opt/homebrew/Cellar/ant/1.10.13/libexec/lib/ant.jar:/opt/homebrew/Cellar/ant/1.10.13/libexec/lib/ant-netrexx.jar:/opt/homebrew/Cellar/ant/1.10.13/libexec/lib/ant-swing.jar:/opt/homebrew/Cellar/ant/1.10.13/libexec/lib/ant-jsch.jar:/opt/homebrew/Cellar/ant/1.10.13/libexec/lib/ant-junitlauncher.jar:/opt/homebrew/Cellar/ant/1.10.13/libexec/lib/ivy-2.5.1.jar:/opt/homebrew/Cellar/ant/1.10.13/libexec/lib/ant-jakartamail.jar:/opt/homebrew/Cellar/ant/1.10.13/libexec/lib/ant-junit.jar:/opt/homebrew/Cellar/ant/1.10.13/libexec/lib/ant-imageio.jar:/opt/homebrew/Cellar/ant/1.10.13/libexec/lib/ant-launcher.jar:/opt/homebrew/Cellar/ant/1.10.13/libexec/lib/ant-antlr.jar:/opt/homebrew/Cellar/ant/1.10.13/libexec/lib/ant-testutil.jar:/opt/homebrew/Cellar/ant/1.10.13/libexec/lib/ant-apache-oro.jar:/opt/homebrew/Cellar/ant/1.10.13/libexec/lib/ant-jmf.jar:/opt/homebrew/Cellar/ant/1.10.13/libexec/lib/ant-apache-xalan2.jar:/opt/homebrew/Cellar/ant/1.10.13/libexec/lib/ant-apache-bsf.jar:/opt/homebrew/Cellar/ant/1.10.13/libexec/lib/ant-commons-logging.jar" />
    <property name="java.vm.vendor" value="Homebrew" />
    <property name="sun.arch.data.model" value="64" />
    <property name="java.vendor.url" value="https://github.com/Homebrew/homebrew-core/issues" />
    <property name="os.name" value="Mac OS X" />
    <property name="java.vm.specification.version" value="20" />
    <property name="user.country" value="RU" />
    <property name="sun.java.launcher" value="SUN_STANDARD" />
    <property name="sun.boot.library.path" value="/opt/homebrew/Cellar/openjdk/20.0.1/libexec/openjdk.jdk/Contents/Home/lib" />
    <property name="sun.java.command" value="org.apache.tools.ant.launch.Launcher -cp  -lib /opt/homebrew/share/ant test" />
    <property name="jdk.debug" value="release" />
    <property name="test.dir" value="src/tests" />
    <property name="sun.cpu.endian" value="little" />
    <property name="user.home" value="/Users/evaarakcieva" />
    <property name="user.language" value="ru" />
    <property name="java.specification.vendor" value="Oracle Corporation" />
    <property name="java.version.date" value="2023-04-18" />
    <property name="java.home" value="/opt/homebrew/Cellar/openjdk/20.0.1/libexec/openjdk.jdk/Contents/Home" />
    <property name="file.separator" value="/" />
    <property name="basedir" value="/Users/evaarakcieva/Downloads/Ant-Lab" />
    <property name="java.vm.compressedOopsMode" value="Zero based" />
    <property name="line.separator" value="&#xa;" />
    <property name="ant.java.version" value="20" />
    <property name="java.specification.name" value="Java Platform API Specification" />
    <property name="java.vm.specification.vendor" value="Oracle Corporation" />
    <property name="doc.dir" value="docs" />
    <property name="apple.awt.application.name" value="Launcher" />
    <property name="ant.file.type.main.Main" value="file" />
    <property name="sun.management.compiler" value="HotSpot 64-Bit Tiered Compilers" />
    <property name="classes" value="build/classes" />
    <property name="java.runtime.version" value="20.0.1" />
    <property name="java.security.manager" value="allow" />
    <property name="user.name" value="evaarakcieva" />
    <property name="ant.file" value="/Users/evaarakcieva/Downloads/Ant-Lab/build.xml" />
    <property name="stdout.encoding" value="UTF-8" />
    <property name="path.separator" value=":" />
    <property name="os.version" value="13.0.1" />
    <property name="java.runtime.name" value="OpenJDK Runtime Environment" />
    <property name="file.encoding" value="UTF-8" />
    <property name="ant.project.invoked-targets" value="test" />
    <property name="java.vm.name" value="OpenJDK 64-Bit Server VM" />
    <property name="java.vendor.version" value="Homebrew" />
    <property name="ant.core.lib" value="/opt/homebrew/Cellar/ant/1.10.13/libexec/lib/ant.jar" />
    <property name="java.vendor.url.bug" value="https://github.com/Homebrew/homebrew-core/issues" />
    <property name="java.io.tmpdir" value="/var/folders/vy/qxxhz2nj3zndyn7tbp9xb5v80000gp/T/" />
    <property name="java.version" value="20.0.1" />
    <property name="user.dir" value="/Users/evaarakcieva/Downloads/Ant-Lab" />
    <property name="os.arch" value="aarch64" />
    <property name="java.vm.specification.name" value="Java Virtual Machine Specification" />
    <property name="ant.file.main.Main" value="/Users/evaarakcieva/Downloads/Ant-Lab/build.xml" />
    <property name="ant.home" value="/opt/homebrew/Cellar/ant/1.10.13/libexec" />
    <property name="lib.dir" value="lib" />
    <property name="native.encoding" value="UTF-8" />
    <property name="ant.version" value="Apache Ant(TM) version 1.10.13 compiled on January 4 2023" />
    <property name="java.library.path" value="/Users/evaarakcieva/Library/Java/Extensions:/Library/Java/Extensions:/Network/Library/Java/Extensions:/System/Library/Java/Extensions:/usr/lib/java:." />
    <property name="java.vendor" value="Homebrew" />
    <property name="stderr.encoding" value="UTF-8" />
    <property name="java.vm.info" value="mixed mode, sharing" />
    <property name="build" value="build" />
    <property name="java.vm.version" value="20.0.1" />
    <property name="sun.io.unicode.encoding" value="UnicodeBig" />
    <property name="java.class.version" value="64.0" />
    <property name="src.dir" value="src/main" />
    <property name="ant.project.default-target" value="build" />
  </properties>
  <testcase classname="tests.Tests" name="testCache" time="0.003" />
  <testcase classname="tests.Tests" name="testA" time="0.0" />
  <testcase classname="tests.Tests" name="testX" time="0.0" />
  <system-out><![CDATA[]]></system-out>
  <system-err><![CDATA[]]></system-err>
</testsuite>
